<?xml version="1.0" ?>
<coverage branch-rate="0" branches-covered="0" branches-valid="0" complexity="0" line-rate="0.4375" lines-covered="7" lines-valid="16" timestamp="1502553049255" version="4.4.1">
	<!-- Generated by coverage.py: https://coverage.readthedocs.io -->
	<!-- Based on https://raw.githubusercontent.com/cobertura/web/master/htdocs/xml/coverage-04.dtd -->
	<sources>
		<source>/Users/dmartin/PycharmProjects/pronosfoot-github/tests</source>
	</sources>
	<packages>
		<package branch-rate="0" complexity="0" line-rate="0.4375" name=".">
			<classes>
				<class branch-rate="0" complexity="0" filename="test_unsalted_pwd.py" line-rate="0.4375" name="test_unsalted_pwd.py">
					<methods/>
					<lines>
						<line hits="1" number="1"/>
						<line hits="1" number="2"/>
						<line hits="1" number="3"/>
						<line hits="1" number="4"/>
						<line hits="1" number="7"/>
						<line hits="1" number="8"/>
						<line hits="1" number="10"/>
						<line hits="0" number="14"/>
						<line hits="0" number="15"/>
						<line hits="0" number="17"/>
						<line hits="0" number="18"/>
						<line hits="0" number="20"/>
						<line hits="0" number="22"/>
						<line hits="0" number="23"/>
						<line hits="0" number="24"/>
						<line hits="0" number="26"/>
					</lines>
				</class>
			</classes>
		</package>
	</packages>
</coverage>
